{
  "stats": {
    "suites": 1,
    "tests": 1,
    "passes": 1,
    "pending": 0,
    "failures": 0,
    "start": "2024-02-12T03:24:20.030Z",
    "end": "2024-02-12T03:24:31.017Z",
    "duration": 10987,
    "testsRegistered": 1,
    "passPercent": 100,
    "pendingPercent": 0,
    "other": 0,
    "hasOther": false,
    "skipped": 0,
    "hasSkipped": false
  },
  "results": [
    {
      "uuid": "f1610544-44c0-4194-b704-509c8c2e2486",
      "title": "",
      "fullFile": "cypress\\e2e\\qubika-automation.cy.js",
      "file": "cypress\\e2e\\qubika-automation.cy.js",
      "beforeHooks": [],
      "afterHooks": [],
      "tests": [],
      "suites": [
        {
          "uuid": "f53e5ce3-5db6-4a80-836b-d33a0acd8acb",
          "title": "Qubika Website Automation",
          "fullFile": "",
          "file": "",
          "beforeHooks": [],
          "afterHooks": [],
          "tests": [
            {
              "title": "Qubika workflow",
              "fullTitle": "Qubika Website Automation Qubika workflow",
              "timedOut": null,
              "duration": 6931,
              "state": "passed",
              "speed": "medium",
              "pass": true,
              "fail": false,
              "pending": false,
              "context": null,
              "code": "cy.visit('www.qubika.com');\ncy.url().should('include', 'qubika.com');\nhomePage.getLogo().should('be.visible');\nhomePage.getContactUsButton().click();\ncontactFormPage.validateForm();\ncontactFormPage.getSubmitButton().click();\ncontactFormPage.validateErrorMessages();\ncontactFormPage.getFirstNameInput().type('Test name');\ncontactFormPage.getSubmitButton().click();\ncontactFormPage.validateErrorMessages(false);",
              "err": {},
              "uuid": "fdf96341-f012-42a0-adb3-44c20bf25898",
              "parentUUID": "f53e5ce3-5db6-4a80-836b-d33a0acd8acb",
              "isHook": false,
              "skipped": false
            }
          ],
          "suites": [],
          "passes": [
            "fdf96341-f012-42a0-adb3-44c20bf25898"
          ],
          "failures": [],
          "pending": [],
          "skipped": [],
          "duration": 6931,
          "root": false,
          "rootEmpty": false,
          "_timeout": 2000
        }
      ],
      "passes": [],
      "failures": [],
      "pending": [],
      "skipped": [],
      "duration": 0,
      "root": true,
      "rootEmpty": true,
      "_timeout": 2000
    }
  ],
  "meta": {
    "mocha": {
      "version": "7.0.1"
    },
    "mochawesome": {
      "options": {
        "quiet": false,
        "reportFilename": "mochawesome",
        "saveHtml": true,
        "saveJson": true,
        "consoleReporter": "spec",
        "useInlineDiffs": false,
        "code": true
      },
      "version": "7.1.3"
    },
    "marge": {
      "options": {
        "reportDir": "cypress/results",
        "overwrite": false,
        "html": true,
        "json": true
      },
      "version": "6.2.0"
    }
  }
}